--------------------------------------------------------------------------------
Release 14.7 Trace  (nt64)
Copyright (c) 1995-2013 Xilinx, Inc.  All rights reserved.

C:\Xilinx\14.7\ISE_DS\ISE\bin\nt64\unwrapped\trce.exe -intstyle ise -v 3 -s 5
-n 3 -fastpaths -xml exp4sch.twx exp4sch.ncd -o exp4sch.twr exp4sch.pcf -ucf
exp4sch.ucf

Design file:              exp4sch.ncd
Physical constraint file: exp4sch.pcf
Device,package,speed:     xc3s100e,cp132,-5 (PRODUCTION 1.27 2013-10-13)
Report level:             verbose report

Environment Variable      Effect 
--------------------      ------ 
NONE                      No environment variables were set
--------------------------------------------------------------------------------

INFO:Timing:2698 - No timing constraints found, doing default enumeration.
INFO:Timing:3412 - To improve timing, see the Timing Closure User Guide (UG612).
INFO:Timing:2752 - To get complete path coverage, use the unconstrained paths 
   option. All paths that are not constrained will be reported in the 
   unconstrained paths section(s) of the report.
INFO:Timing:3339 - The clock-to-out numbers in this timing report are based on 
   a 50 Ohm transmission line loading model.  For the details of this model, 
   and for more information on accounting for different loading conditions, 
   please see the device datasheet.
INFO:Timing:3390 - This architecture does not support a default System Jitter 
   value, please add SYSTEM_JITTER constraint to the UCF to modify the Clock 
   Uncertainty calculation.
INFO:Timing:3389 - This architecture does not support 'Discrete Jitter' and 
   'Phase Error' calculations, these terms will be zero in the Clock 
   Uncertainty calculation.  Please make appropriate modification to 
   SYSTEM_JITTER to account for the unsupported Discrete Jitter and Phase 
   Error.



Data Sheet report:
-----------------
All values displayed in nanoseconds (ns)

Pad to Pad
---------------+---------------+---------+
Source Pad     |Destination Pad|  Delay  |
---------------+---------------+---------+
X<0>           |Cout           |    8.141|
X<0>           |S<0>           |    6.642|
X<0>           |S<1>           |    6.852|
X<0>           |S<2>           |    8.118|
X<1>           |Cout           |    7.973|
X<1>           |S<1>           |    7.580|
X<1>           |S<2>           |    7.950|
X<2>           |Cout           |    6.576|
X<2>           |S<2>           |    6.564|
Y<0>           |Cout           |    8.436|
Y<0>           |S<0>           |    6.915|
Y<0>           |S<1>           |    7.131|
Y<0>           |S<2>           |    8.413|
Y<1>           |Cout           |    8.986|
Y<1>           |S<1>           |    7.618|
Y<1>           |S<2>           |    8.963|
Y<2>           |Cout           |    6.829|
Y<2>           |S<2>           |    6.962|
---------------+---------------+---------+


Analysis completed Tue Jun 23 14:51:58 2015 
--------------------------------------------------------------------------------

Trace Settings:
-------------------------
Trace Settings 

Peak Memory Usage: 151 MB



