Running: C:\Xilinx\14.7\ISE_DS\ISE\bin\nt64\unwrapped\fuse.exe -intstyle ise -incremental -lib unisims_ver -lib unimacro_ver -lib xilinxcorelib_ver -o C:/Users/justi_000/Dropbox/Academia/Current Courses/Digital/Labs/Exp9/part1/sch_sch_sch_tb_isim_beh.exe -prj C:/Users/justi_000/Dropbox/Academia/Current Courses/Digital/Labs/Exp9/part1/sch_sch_sch_tb_beh.prj work.sch_sch_sch_tb work.glbl 
ISim P.20131013 (signature 0x7708f090)
Number of CPUs detected in this system: 4
Turning on mult-threading, number of parallel sub-compilation jobs: 8 
Determining compilation order of HDL files
Analyzing Verilog file "C:/Users/justi_000/Dropbox/Academia/Current Courses/Digital/Labs/Exp9/part1/sch.vf" into library work
Analyzing Verilog file "C:/Users/justi_000/Dropbox/Academia/Current Courses/Digital/Labs/Exp9/part1/btnClkTest.v" into library work
Analyzing Verilog file "C:/Xilinx/14.7/ISE_DS/ISE//verilog/src/glbl.v" into library work
Starting static elaboration
Completed static elaboration
Compiling module FD
Compiling module OR2
Compiling module AND2
Compiling module INV
Compiling module sch
Compiling module sch_sch_sch_tb
Compiling module glbl
Time Resolution for simulation is 1ps.
Compiled 7 Verilog Units
Built simulation executable C:/Users/justi_000/Dropbox/Academia/Current Courses/Digital/Labs/Exp9/part1/sch_sch_sch_tb_isim_beh.exe
Fuse Memory Usage: 26320 KB
Fuse CPU Usage: 358 ms
