--------------------------------------------------------------------------------
Release 14.7 Trace  (nt64)
Copyright (c) 1995-2013 Xilinx, Inc.  All rights reserved.

C:\Xilinx\14.7\ISE_DS\ISE\bin\nt64\unwrapped\trce.exe -intstyle ise -v 3 -s 5
-n 3 -fastpaths -xml lab6.twx lab6.ncd -o lab6.twr lab6.pcf -ucf mapping.ucf

Design file:              lab6.ncd
Physical constraint file: lab6.pcf
Device,package,speed:     xc3s100e,cp132,-5 (PRODUCTION 1.27 2013-10-13)
Report level:             verbose report

Environment Variable      Effect 
--------------------      ------ 
NONE                      No environment variables were set
--------------------------------------------------------------------------------

INFO:Timing:2698 - No timing constraints found, doing default enumeration.
INFO:Timing:3412 - To improve timing, see the Timing Closure User Guide (UG612).
INFO:Timing:2752 - To get complete path coverage, use the unconstrained paths 
   option. All paths that are not constrained will be reported in the 
   unconstrained paths section(s) of the report.
INFO:Timing:3339 - The clock-to-out numbers in this timing report are based on 
   a 50 Ohm transmission line loading model.  For the details of this model, 
   and for more information on accounting for different loading conditions, 
   please see the device datasheet.
INFO:Timing:3390 - This architecture does not support a default System Jitter 
   value, please add SYSTEM_JITTER constraint to the UCF to modify the Clock 
   Uncertainty calculation.
INFO:Timing:3389 - This architecture does not support 'Discrete Jitter' and 
   'Phase Error' calculations, these terms will be zero in the Clock 
   Uncertainty calculation.  Please make appropriate modification to 
   SYSTEM_JITTER to account for the unsupported Discrete Jitter and Phase 
   Error.



Data Sheet report:
-----------------
All values displayed in nanoseconds (ns)

Pad to Pad
---------------+---------------+---------+
Source Pad     |Destination Pad|  Delay  |
---------------+---------------+---------+
in<0>          |out<0>         |    6.602|
in<0>          |out<1>         |    6.413|
in<0>          |out<2>         |    6.576|
in<0>          |out<3>         |    7.071|
in<0>          |out<4>         |    6.404|
in<0>          |out<5>         |    6.131|
in<0>          |out<6>         |    5.876|
in<0>          |out<7>         |    7.648|
in<1>          |out<0>         |    6.791|
in<1>          |out<1>         |    6.602|
in<1>          |out<2>         |    6.924|
in<1>          |out<3>         |    7.186|
in<1>          |out<4>         |    6.587|
in<1>          |out<5>         |    6.314|
in<1>          |out<6>         |    6.202|
in<1>          |out<7>         |    7.606|
in<2>          |out<0>         |    7.034|
in<2>          |out<1>         |    6.845|
in<2>          |out<2>         |    7.056|
in<2>          |out<3>         |    7.351|
in<2>          |out<4>         |    6.780|
in<2>          |out<5>         |    6.507|
in<2>          |out<6>         |    6.300|
in<2>          |out<7>         |    8.188|
---------------+---------------+---------+


Analysis completed Sun Jul 12 12:38:32 2015 
--------------------------------------------------------------------------------

Trace Settings:
-------------------------
Trace Settings 

Peak Memory Usage: 146 MB



