 command line:
   ./part4TestBench_isim_beh.exe
     -intstyle  ise
     -ipchost  localhost
     -ipcport  50543

Wed Jan 28 12:44:54 2015

Total Line Count : 65

 Elaboration time : 0.0156 sec.

 Estimate current memory usage : 135.741 Meg. 

 Total Signals          : 20
 Total Nets             : 15
 Total Signal Drivers   : 10
 Total Blocks           : 3
 Total Primitive Blocks : 2
 Total Processes        : 13
 Total Traceable Variables  : 19
 Total Scalar Nets and Variables : 96
ntrace select -o on -m / -l this 
ntrace start 
isimrun 1000 ns 
Simulator is doing circuit initialization process.
Finished circuit initialization process.

 Simulation time 0.0624 sec.

 Estimate current memory usage : 144.13 Meg. 

Wed Jan 28 12:53:48 2015

