 command line:
   ./TestBench_isim_beh.exe
     -intstyle  ise
     -ipchost  localhost
     -ipcport  49967

Wed Jan 21 14:19:13 2015

Total Line Count : 53

 Elaboration time : 0 sec.

 Estimate current memory usage : 135.741 Meg. 

 Total Signals          : 12
 Total Nets             : 11
 Total Signal Drivers   : 6
 Total Blocks           : 3
 Total Primitive Blocks : 2
 Total Processes        : 9
 Total Traceable Variables  : 19
 Total Scalar Nets and Variables : 92
ntrace select -o on -m / -l this 
ntrace start 
isimrun 1000 ns 
Simulator is doing circuit initialization process.
Finished circuit initialization process.

 Simulation time 0.0468 sec.

 Estimate current memory usage : 144.13 Meg. 

Wed Jan 21 14:20:54 2015

