 command line:
   ./xorTestBench_isim_beh.exe
     -intstyle  ise
     -ipchost  localhost
     -ipcport  49936

Wed Jan 21 13:57:02 2015

Total Line Count : 52

 Elaboration time : 0.0312 sec.

 Estimate current memory usage : 135.746 Meg. 

 Total Signals          : 15
 Total Nets             : 11
 Total Signal Drivers   : 6
 Total Blocks           : 4
 Total Primitive Blocks : 2
 Total Processes        : 9
 Total Traceable Variables  : 19
 Total Scalar Nets and Variables : 92
ntrace select -o on -m / -l this 
ntrace start 
isimrun 1000 ns 
Simulator is doing circuit initialization process.
Finished circuit initialization process.

 Simulation time 0.0468 sec.

 Estimate current memory usage : 144.134 Meg. 

Wed Jan 21 14:04:36 2015

