Release 14.7 - xst P.20131013 (nt64)
Copyright (c) 1995-2013 Xilinx, Inc.  All rights reserved.
--> Parameter TMPDIR set to xst/projnav.tmp


Total REAL time to Xst completion: 0.00 secs
Total CPU time to Xst completion: 0.07 secs
 
--> Parameter xsthdpdir set to xst


Total REAL time to Xst completion: 0.00 secs
Total CPU time to Xst completion: 0.08 secs
 
--> Reading design: button_binary.prj

TABLE OF CONTENTS
  1) Synthesis Options Summary
  2) HDL Compilation
  3) Design Hierarchy Analysis
  4) HDL Analysis
  5) HDL Synthesis
     5.1) HDL Synthesis Report
  6) Advanced HDL Synthesis
     6.1) Advanced HDL Synthesis Report
  7) Low Level Synthesis
  8) Partition Report
  9) Final Report
	9.1) Device utilization summary
	9.2) Partition Resource Summary
	9.3) TIMING REPORT


=========================================================================
*                      Synthesis Options Summary                        *
=========================================================================
---- Source Parameters
Input File Name                    : "button_binary.prj"
Input Format                       : mixed
Ignore Synthesis Constraint File   : NO

---- Target Parameters
Output File Name                   : "button_binary"
Output Format                      : NGC
Target Device                      : xc3s100e-5-cp132

---- Source Options
Top Module Name                    : button_binary
Automatic FSM Extraction           : YES
FSM Encoding Algorithm             : Auto
Safe Implementation                : No
FSM Style                          : LUT
RAM Extraction                     : Yes
RAM Style                          : Auto
ROM Extraction                     : Yes
Mux Style                          : Auto
Decoder Extraction                 : YES
Priority Encoder Extraction        : Yes
Shift Register Extraction          : YES
Logical Shifter Extraction         : YES
XOR Collapsing                     : YES
ROM Style                          : Auto
Mux Extraction                     : Yes
Resource Sharing                   : YES
Asynchronous To Synchronous        : NO
Multiplier Style                   : Auto
Automatic Register Balancing       : No

---- Target Options
Add IO Buffers                     : YES
Global Maximum Fanout              : 500
Add Generic Clock Buffer(BUFG)     : 24
Register Duplication               : YES
Slice Packing                      : YES
Optimize Instantiated Primitives   : NO
Use Clock Enable                   : Yes
Use Synchronous Set                : Yes
Use Synchronous Reset              : Yes
Pack IO Registers into IOBs        : Auto
Equivalent register Removal        : YES

---- General Options
Optimization Goal                  : Speed
Optimization Effort                : 1
Keep Hierarchy                     : No
Netlist Hierarchy                  : As_Optimized
RTL Output                         : Yes
Global Optimization                : AllClockNets
Read Cores                         : YES
Write Timing Constraints           : NO
Cross Clock Analysis               : NO
Hierarchy Separator                : /
Bus Delimiter                      : <>
Case Specifier                     : Maintain
Slice Utilization Ratio            : 100
BRAM Utilization Ratio             : 100
Verilog 2001                       : YES
Auto BRAM Packing                  : NO
Slice Utilization Ratio Delta      : 5

=========================================================================


=========================================================================
*                          HDL Compilation                              *
=========================================================================
Compiling verilog file "counter.v" in library work
Module <button_binary> compiled
No errors in compilation
Analysis of file <"button_binary.prj"> succeeded.
 

=========================================================================
*                     Design Hierarchy Analysis                         *
=========================================================================
Analyzing hierarchy for module <button_binary> in library <work> with parameters.
	width = "00000000000000000000000000011100"


=========================================================================
*                            HDL Analysis                               *
=========================================================================
Analyzing top module <button_binary>.
	width = 32'sb00000000000000000000000000011100
Module <button_binary> is correct for synthesis.
 

=========================================================================
*                           HDL Synthesis                               *
=========================================================================

Performing bidirectional port resolution...

Synthesizing Unit <button_binary>.
    Related source file is "counter.v".
WARNING:Xst:647 - Input <button> is never used. This port will be preserved and left unconnected if it belongs to a top-level block or it belongs to a sub-block and the hierarchy of this sub-block is preserved.
WARNING:Xst:2475 - Clock and clock enable of counter <count> are driven by the same logic. The clock enable is removed.
    Found 28-bit up counter for signal <count>.
    Summary:
	inferred   1 Counter(s).
Unit <button_binary> synthesized.


=========================================================================
HDL Synthesis Report

Macro Statistics
# Counters                                             : 1
 28-bit up counter                                     : 1

=========================================================================

=========================================================================
*                       Advanced HDL Synthesis                          *
=========================================================================


=========================================================================
Advanced HDL Synthesis Report

Macro Statistics
# Counters                                             : 1
 28-bit up counter                                     : 1

=========================================================================

=========================================================================
*                         Low Level Synthesis                           *
=========================================================================

Optimizing unit <button_binary> ...

Mapping all equations...
Building and optimizing final netlist ...
Found area constraint ratio of 100 (+ 5) on block button_binary, actual ratio is 1.

Final Macro Processing ...

=========================================================================
Final Register Report

Macro Statistics
# Registers                                            : 28
 Flip-Flops                                            : 28

=========================================================================

=========================================================================
*                           Partition Report                            *
=========================================================================

Partition Implementation Status
-------------------------------

  No Partitions were found in this design.

-------------------------------

=========================================================================
*                            Final Report                               *
=========================================================================
Final Results
RTL Top Level Output File Name     : button_binary.ngr
Top Level Output File Name         : button_binary
Output Format                      : NGC
Optimization Goal                  : Speed
Keep Hierarchy                     : No

Design Statistics
# IOs                              : 11

Cell Usage :
# BELS                             : 85
#      GND                         : 1
#      INV                         : 1
#      LUT1                        : 27
#      MUXCY                       : 27
#      VCC                         : 1
#      XORCY                       : 28
# FlipFlops/Latches                : 28
#      FDC                         : 28
# Clock Buffers                    : 1
#      BUFGP                       : 1
# IO Buffers                       : 9
#      IBUF                        : 1
#      OBUF                        : 8
=========================================================================

Device utilization summary:
---------------------------

Selected Device : 3s100ecp132-5 

 Number of Slices:                       14  out of    960     1%  
 Number of Slice Flip Flops:             28  out of   1920     1%  
 Number of 4 input LUTs:                 28  out of   1920     1%  
 Number of IOs:                          11
 Number of bonded IOBs:                  10  out of     83    12%  
 Number of GCLKs:                         1  out of     24     4%  

---------------------------
Partition Resource Summary:
---------------------------

  No Partitions were found in this design.

---------------------------


=========================================================================
TIMING REPORT

NOTE: THESE TIMING NUMBERS ARE ONLY A SYNTHESIS ESTIMATE.
      FOR ACCURATE TIMING INFORMATION PLEASE REFER TO THE TRACE REPORT
      GENERATED AFTER PLACE-and-ROUTE.

Clock Information:
------------------
-----------------------------------+------------------------+-------+
Clock Signal                       | Clock buffer(FF name)  | Load  |
-----------------------------------+------------------------+-------+
clock                              | BUFGP                  | 28    |
-----------------------------------+------------------------+-------+

Asynchronous Control Signals Information:
----------------------------------------
-----------------------------------+------------------------+-------+
Control Signal                     | Buffer(FF name)        | Load  |
-----------------------------------+------------------------+-------+
reset                              | IBUF                   | 28    |
-----------------------------------+------------------------+-------+

Timing Summary:
---------------
Speed Grade: -5

   Minimum period: 4.294ns (Maximum Frequency: 232.910MHz)
   Minimum input arrival time before clock: No path found
   Maximum output required time after clock: 4.063ns
   Maximum combinational path delay: No path found

Timing Detail:
--------------
All values displayed in nanoseconds (ns)

=========================================================================
Timing constraint: Default period analysis for Clock 'clock'
  Clock period: 4.294ns (frequency: 232.910MHz)
  Total number of paths / destination ports: 406 / 28
-------------------------------------------------------------------------
Delay:               4.294ns (Levels of Logic = 28)
  Source:            count_1 (FF)
  Destination:       count_27 (FF)
  Source Clock:      clock rising
  Destination Clock: clock rising

  Data Path: count_1 to count_27
                                Gate     Net
    Cell:in->out      fanout   Delay   Delay  Logical Name (Net Name)
    ----------------------------------------  ------------
     FDC:C->Q              1   0.514   0.509  count_1 (count_1)
     LUT1:I0->O            1   0.612   0.000  Mcount_count_cy<1>_rt (Mcount_count_cy<1>_rt)
     MUXCY:S->O            1   0.404   0.000  Mcount_count_cy<1> (Mcount_count_cy<1>)
     MUXCY:CI->O           1   0.052   0.000  Mcount_count_cy<2> (Mcount_count_cy<2>)
     MUXCY:CI->O           1   0.052   0.000  Mcount_count_cy<3> (Mcount_count_cy<3>)
     MUXCY:CI->O           1   0.052   0.000  Mcount_count_cy<4> (Mcount_count_cy<4>)
     MUXCY:CI->O           1   0.052   0.000  Mcount_count_cy<5> (Mcount_count_cy<5>)
     MUXCY:CI->O           1   0.052   0.000  Mcount_count_cy<6> (Mcount_count_cy<6>)
     MUXCY:CI->O           1   0.051   0.000  Mcount_count_cy<7> (Mcount_count_cy<7>)
     MUXCY:CI->O           1   0.051   0.000  Mcount_count_cy<8> (Mcount_count_cy<8>)
     MUXCY:CI->O           1   0.051   0.000  Mcount_count_cy<9> (Mcount_count_cy<9>)
     MUXCY:CI->O           1   0.051   0.000  Mcount_count_cy<10> (Mcount_count_cy<10>)
     MUXCY:CI->O           1   0.051   0.000  Mcount_count_cy<11> (Mcount_count_cy<11>)
     MUXCY:CI->O           1   0.051   0.000  Mcount_count_cy<12> (Mcount_count_cy<12>)
     MUXCY:CI->O           1   0.051   0.000  Mcount_count_cy<13> (Mcount_count_cy<13>)
     MUXCY:CI->O           1   0.051   0.000  Mcount_count_cy<14> (Mcount_count_cy<14>)
     MUXCY:CI->O           1   0.051   0.000  Mcount_count_cy<15> (Mcount_count_cy<15>)
     MUXCY:CI->O           1   0.051   0.000  Mcount_count_cy<16> (Mcount_count_cy<16>)
     MUXCY:CI->O           1   0.051   0.000  Mcount_count_cy<17> (Mcount_count_cy<17>)
     MUXCY:CI->O           1   0.051   0.000  Mcount_count_cy<18> (Mcount_count_cy<18>)
     MUXCY:CI->O           1   0.051   0.000  Mcount_count_cy<19> (Mcount_count_cy<19>)
     MUXCY:CI->O           1   0.051   0.000  Mcount_count_cy<20> (Mcount_count_cy<20>)
     MUXCY:CI->O           1   0.051   0.000  Mcount_count_cy<21> (Mcount_count_cy<21>)
     MUXCY:CI->O           1   0.051   0.000  Mcount_count_cy<22> (Mcount_count_cy<22>)
     MUXCY:CI->O           1   0.051   0.000  Mcount_count_cy<23> (Mcount_count_cy<23>)
     MUXCY:CI->O           1   0.051   0.000  Mcount_count_cy<24> (Mcount_count_cy<24>)
     MUXCY:CI->O           1   0.051   0.000  Mcount_count_cy<25> (Mcount_count_cy<25>)
     MUXCY:CI->O           0   0.051   0.000  Mcount_count_cy<26> (Mcount_count_cy<26>)
     XORCY:CI->O           1   0.699   0.000  Mcount_count_xor<27> (Result<27>)
     FDC:D                     0.268          count_27
    ----------------------------------------
    Total                      4.294ns (3.785ns logic, 0.509ns route)
                                       (88.1% logic, 11.9% route)

=========================================================================
Timing constraint: Default OFFSET OUT AFTER for Clock 'clock'
  Total number of paths / destination ports: 8 / 8
-------------------------------------------------------------------------
Offset:              4.063ns (Levels of Logic = 1)
  Source:            count_21 (FF)
  Destination:       led2 (PAD)
  Source Clock:      clock rising

  Data Path: count_21 to led2
                                Gate     Net
    Cell:in->out      fanout   Delay   Delay  Logical Name (Net Name)
    ----------------------------------------  ------------
     FDC:C->Q              2   0.514   0.380  count_21 (count_21)
     OBUF:I->O                 3.169          led2_OBUF (led2)
    ----------------------------------------
    Total                      4.063ns (3.683ns logic, 0.380ns route)
                                       (90.6% logic, 9.4% route)

=========================================================================


Total REAL time to Xst completion: 4.00 secs
Total CPU time to Xst completion: 3.96 secs
 
--> 

Total memory usage is 284216 kilobytes

Number of errors   :    0 (   0 filtered)
Number of warnings :    2 (   0 filtered)
Number of infos    :    0 (   0 filtered)

