 command line:
   ./invTestBench_isim_beh.exe
     -intstyle  ise
     -ipchost  localhost
     -ipcport  50523

Wed Jan 28 12:34:06 2015

Total Line Count : 46

 Elaboration time : 0.0156 sec.

 Estimate current memory usage : 135.741 Meg. 

 Total Signals          : 11
 Total Nets             : 10
 Total Signal Drivers   : 5
 Total Blocks           : 3
 Total Primitive Blocks : 2
 Total Processes        : 8
 Total Traceable Variables  : 18
 Total Scalar Nets and Variables : 90
ntrace select -o on -m / -l this 
ntrace start 
isimrun 1000 ns 
Simulator is doing circuit initialization process.
Finished circuit initialization process.

 Simulation time 0.0624 sec.

 Estimate current memory usage : 144.13 Meg. 

Wed Jan 28 12:35:06 2015

